{"D:\\Aaron\\Documents\\FutureProof\\Week 2\\covid19_api\\server\\data.js": {"path":"D:\\Aaron\\Documents\\FutureProof\\Week 2\\covid19_api\\server\\data.js","statementMap":{"0":{"start":{"line":3,"column":17},"end":{"line":7,"column":1}},"1":{"start":{"line":9,"column":0},"end":{"line":9,"column":26}}},"fnMap":{},"branchMap":{},"s":{"0":2,"1":2},"f":{},"b":{},"_coverageSchema":"1a1c01bbd47fc00a2c39e90264f33305004495a9","hash":"b7c950c9f44b8c4a5d6059881d03ed23011aa461"}
,"D:\\Aaron\\Documents\\FutureProof\\Week 2\\covid19_api\\server\\server.js": {"path":"D:\\Aaron\\Documents\\FutureProof\\Week 2\\covid19_api\\server\\server.js","statementMap":{"0":{"start":{"line":1,"column":16},"end":{"line":1,"column":34}},"1":{"start":{"line":2,"column":19},"end":{"line":2,"column":41}},"2":{"start":{"line":3,"column":13},"end":{"line":3,"column":28}},"3":{"start":{"line":5,"column":12},"end":{"line":5,"column":21}},"4":{"start":{"line":6,"column":0},"end":{"line":6,"column":27}},"5":{"start":{"line":7,"column":0},"end":{"line":7,"column":16}},"6":{"start":{"line":9,"column":22},"end":{"line":9,"column":55}},"7":{"start":{"line":10,"column":0},"end":{"line":10,"column":35}},"8":{"start":{"line":12,"column":0},"end":{"line":14,"column":3}},"9":{"start":{"line":13,"column":2},"end":{"line":13,"column":27}},"10":{"start":{"line":16,"column":0},"end":{"line":18,"column":3}},"11":{"start":{"line":17,"column":2},"end":{"line":17,"column":38}},"12":{"start":{"line":20,"column":0},"end":{"line":20,"column":21}}},"fnMap":{"0":{"name":"(anonymous_0)","decl":{"start":{"line":12,"column":13},"end":{"line":12,"column":14}},"loc":{"start":{"line":12,"column":27},"end":{"line":14,"column":1}},"line":12},"1":{"name":"(anonymous_1)","decl":{"start":{"line":16,"column":14},"end":{"line":16,"column":15}},"loc":{"start":{"line":16,"column":28},"end":{"line":18,"column":1}},"line":16}},"branchMap":{},"s":{"0":1,"1":1,"2":1,"3":1,"4":1,"5":1,"6":1,"7":1,"8":1,"9":1,"10":1,"11":1,"12":1},"f":{"0":1,"1":1},"b":{},"_coverageSchema":"1a1c01bbd47fc00a2c39e90264f33305004495a9","hash":"c28897048dfb1622771e9a5dc7dd524b283417c0"}
,"D:\\Aaron\\Documents\\FutureProof\\Week 2\\covid19_api\\server\\controllers\\patients.js": {"path":"D:\\Aaron\\Documents\\FutureProof\\Week 2\\covid19_api\\server\\controllers\\patients.js","statementMap":{"0":{"start":{"line":1,"column":16},"end":{"line":1,"column":34}},"1":{"start":{"line":2,"column":15},"end":{"line":2,"column":31}},"2":{"start":{"line":4,"column":16},"end":{"line":4,"column":44}},"3":{"start":{"line":6,"column":0},"end":{"line":9,"column":3}},"4":{"start":{"line":7,"column":22},"end":{"line":7,"column":33}},"5":{"start":{"line":8,"column":2},"end":{"line":8,"column":24}},"6":{"start":{"line":11,"column":0},"end":{"line":21,"column":3}},"7":{"start":{"line":12,"column":2},"end":{"line":20,"column":3}},"8":{"start":{"line":13,"column":4},"end":{"line":13,"column":40}},"9":{"start":{"line":14,"column":22},"end":{"line":14,"column":45}},"10":{"start":{"line":15,"column":28},"end":{"line":15,"column":55}},"11":{"start":{"line":16,"column":4},"end":{"line":16,"column":30}},"12":{"start":{"line":18,"column":4},"end":{"line":18,"column":21}},"13":{"start":{"line":19,"column":4},"end":{"line":19,"column":30}},"14":{"start":{"line":23,"column":0},"end":{"line":27,"column":3}},"15":{"start":{"line":24,"column":15},"end":{"line":24,"column":23}},"16":{"start":{"line":25,"column":21},"end":{"line":25,"column":41}},"17":{"start":{"line":26,"column":2},"end":{"line":26,"column":35}},"18":{"start":{"line":29,"column":0},"end":{"line":34,"column":3}},"19":{"start":{"line":30,"column":20},"end":{"line":30,"column":43}},"20":{"start":{"line":31,"column":27},"end":{"line":31,"column":54}},"21":{"start":{"line":32,"column":2},"end":{"line":32,"column":29}},"22":{"start":{"line":33,"column":2},"end":{"line":33,"column":25}},"23":{"start":{"line":36,"column":0},"end":{"line":36,"column":24}}},"fnMap":{"0":{"name":"(anonymous_0)","decl":{"start":{"line":6,"column":16},"end":{"line":6,"column":17}},"loc":{"start":{"line":6,"column":30},"end":{"line":9,"column":1}},"line":6},"1":{"name":"(anonymous_1)","decl":{"start":{"line":11,"column":19},"end":{"line":11,"column":20}},"loc":{"start":{"line":11,"column":33},"end":{"line":21,"column":1}},"line":11},"2":{"name":"(anonymous_2)","decl":{"start":{"line":23,"column":17},"end":{"line":23,"column":18}},"loc":{"start":{"line":23,"column":31},"end":{"line":27,"column":1}},"line":23},"3":{"name":"(anonymous_3)","decl":{"start":{"line":29,"column":22},"end":{"line":29,"column":23}},"loc":{"start":{"line":29,"column":36},"end":{"line":34,"column":1}},"line":29}},"branchMap":{},"s":{"0":1,"1":1,"2":1,"3":1,"4":2,"5":2,"6":1,"7":2,"8":2,"9":2,"10":2,"11":1,"12":1,"13":1,"14":1,"15":1,"16":1,"17":1,"18":1,"19":1,"20":1,"21":1,"22":1,"23":1},"f":{"0":2,"1":2,"2":1,"3":1},"b":{},"_coverageSchema":"1a1c01bbd47fc00a2c39e90264f33305004495a9","hash":"37bb602ae6b6fec8a967b33e0127d259e4311449"}
,"D:\\Aaron\\Documents\\FutureProof\\Week 2\\covid19_api\\server\\models\\patient.js": {"path":"D:\\Aaron\\Documents\\FutureProof\\Week 2\\covid19_api\\server\\models\\patient.js","statementMap":{"0":{"start":{"line":1,"column":20},"end":{"line":1,"column":38}},"1":{"start":{"line":5,"column":4},"end":{"line":5,"column":22}},"2":{"start":{"line":6,"column":4},"end":{"line":6,"column":26}},"3":{"start":{"line":7,"column":4},"end":{"line":7,"column":24}},"4":{"start":{"line":11,"column":21},"end":{"line":11,"column":71}},"5":{"start":{"line":11,"column":50},"end":{"line":11,"column":70}},"6":{"start":{"line":12,"column":4},"end":{"line":12,"column":20}},"7":{"start":{"line":16,"column":4},"end":{"line":24,"column":5}},"8":{"start":{"line":17,"column":27},"end":{"line":19,"column":10}},"9":{"start":{"line":18,"column":21},"end":{"line":18,"column":38}},"10":{"start":{"line":20,"column":22},"end":{"line":20,"column":47}},"11":{"start":{"line":21,"column":6},"end":{"line":21,"column":21}},"12":{"start":{"line":23,"column":6},"end":{"line":23,"column":54}},"13":{"start":{"line":28,"column":25},"end":{"line":28,"column":47}},"14":{"start":{"line":29,"column":23},"end":{"line":32,"column":6}},"15":{"start":{"line":33,"column":4},"end":{"line":33,"column":33}},"16":{"start":{"line":34,"column":4},"end":{"line":34,"column":22}},"17":{"start":{"line":38,"column":20},"end":{"line":38,"column":78}},"18":{"start":{"line":38,"column":52},"end":{"line":38,"column":74}},"19":{"start":{"line":39,"column":4},"end":{"line":39,"column":56}},"20":{"start":{"line":43,"column":0},"end":{"line":43,"column":25}}},"fnMap":{"0":{"name":"(anonymous_0)","decl":{"start":{"line":4,"column":2},"end":{"line":4,"column":3}},"loc":{"start":{"line":4,"column":20},"end":{"line":8,"column":3}},"line":4},"1":{"name":"(anonymous_1)","decl":{"start":{"line":10,"column":2},"end":{"line":10,"column":3}},"loc":{"start":{"line":10,"column":19},"end":{"line":13,"column":3}},"line":10},"2":{"name":"(anonymous_2)","decl":{"start":{"line":11,"column":37},"end":{"line":11,"column":38}},"loc":{"start":{"line":11,"column":50},"end":{"line":11,"column":70}},"line":11},"3":{"name":"(anonymous_3)","decl":{"start":{"line":15,"column":2},"end":{"line":15,"column":3}},"loc":{"start":{"line":15,"column":22},"end":{"line":25,"column":3}},"line":15},"4":{"name":"(anonymous_4)","decl":{"start":{"line":18,"column":8},"end":{"line":18,"column":9}},"loc":{"start":{"line":18,"column":21},"end":{"line":18,"column":38}},"line":18},"5":{"name":"(anonymous_5)","decl":{"start":{"line":27,"column":2},"end":{"line":27,"column":3}},"loc":{"start":{"line":27,"column":25},"end":{"line":35,"column":3}},"line":27},"6":{"name":"(anonymous_6)","decl":{"start":{"line":37,"column":2},"end":{"line":37,"column":3}},"loc":{"start":{"line":37,"column":12},"end":{"line":40,"column":3}},"line":37},"7":{"name":"(anonymous_7)","decl":{"start":{"line":38,"column":39},"end":{"line":38,"column":40}},"loc":{"start":{"line":38,"column":52},"end":{"line":38,"column":74}},"line":38}},"branchMap":{},"s":{"0":2,"1":17,"2":15,"3":15,"4":3,"5":9,"6":3,"7":5,"8":5,"9":18,"10":5,"11":3,"12":2,"13":2,"14":2,"15":2,"16":2,"17":2,"18":8,"19":2,"20":2},"f":{"0":17,"1":3,"2":9,"3":5,"4":18,"5":2,"6":2,"7":8},"b":{},"_coverageSchema":"1a1c01bbd47fc00a2c39e90264f33305004495a9","hash":"c66046f7ca3c593fb5ccdb461791d67c2f27a4ae"}
}
