<?xml version="1.0" encoding="UTF-8"?>
<coverage generated="1614957366082" clover="3.2.0">
  <project timestamp="1614957366082" name="All files">
    <metrics statements="15" coveredstatements="1" conditionals="0" coveredconditionals="0" methods="6" coveredmethods="0" elements="21" coveredelements="1" complexity="0" loc="15" ncloc="15" packages="1" files="1" classes="1"/>
    <file name="app.js" path="D:\Aaron\Documents\FutureProof\Week 2\covid19_api\client\js\app.js">
      <metrics statements="15" coveredstatements="1" conditionals="0" coveredconditionals="0" methods="6" coveredmethods="0"/>
      <line num="2" count="0" type="stmt"/>
      <line num="3" count="0" type="stmt"/>
      <line num="9" count="0" type="stmt"/>
      <line num="11" count="0" type="stmt"/>
      <line num="15" count="0" type="stmt"/>
      <line num="17" count="0" type="stmt"/>
      <line num="25" count="0" type="stmt"/>
      <line num="26" count="0" type="stmt"/>
      <line num="32" count="0" type="stmt"/>
      <line num="36" count="0" type="stmt"/>
      <line num="37" count="0" type="stmt"/>
      <line num="38" count="0" type="stmt"/>
      <line num="39" count="0" type="stmt"/>
      <line num="40" count="0" type="stmt"/>
      <line num="43" count="1" type="stmt"/>
    </file>
  </project>
</coverage>
