{"D:\\Aaron\\Documents\\FutureProof\\Week 2\\covid19_api\\client\\js\\app.js": {"path":"D:\\Aaron\\Documents\\FutureProof\\Week 2\\covid19_api\\client\\js\\app.js","statementMap":{"0":{"start":{"line":2,"column":2},"end":{"line":5,"column":25}},"1":{"start":{"line":3,"column":24},"end":{"line":3,"column":39}},"2":{"start":{"line":9,"column":2},"end":{"line":9,"column":21}},"3":{"start":{"line":11,"column":22},"end":{"line":14,"column":3}},"4":{"start":{"line":15,"column":2},"end":{"line":15,"column":27}},"5":{"start":{"line":17,"column":18},"end":{"line":23,"column":3}},"6":{"start":{"line":25,"column":2},"end":{"line":28,"column":25}},"7":{"start":{"line":26,"column":17},"end":{"line":26,"column":25}},"8":{"start":{"line":32,"column":2},"end":{"line":32,"column":33}},"9":{"start":{"line":36,"column":2},"end":{"line":36,"column":35}},"10":{"start":{"line":37,"column":16},"end":{"line":37,"column":44}},"11":{"start":{"line":38,"column":2},"end":{"line":38,"column":109}},"12":{"start":{"line":39,"column":22},"end":{"line":39,"column":50}},"13":{"start":{"line":40,"column":2},"end":{"line":40,"column":28}},"14":{"start":{"line":43,"column":0},"end":{"line":48,"column":2}}},"fnMap":{"0":{"name":"getAllPatients","decl":{"start":{"line":1,"column":9},"end":{"line":1,"column":23}},"loc":{"start":{"line":1,"column":26},"end":{"line":6,"column":1}},"line":1},"1":{"name":"(anonymous_1)","decl":{"start":{"line":3,"column":10},"end":{"line":3,"column":11}},"loc":{"start":{"line":3,"column":24},"end":{"line":3,"column":39}},"line":3},"2":{"name":"submitPatient","decl":{"start":{"line":8,"column":9},"end":{"line":8,"column":22}},"loc":{"start":{"line":8,"column":26},"end":{"line":29,"column":1}},"line":8},"3":{"name":"(anonymous_3)","decl":{"start":{"line":26,"column":10},"end":{"line":26,"column":11}},"loc":{"start":{"line":26,"column":17},"end":{"line":26,"column":25}},"line":26},"4":{"name":"appendPatients","decl":{"start":{"line":31,"column":9},"end":{"line":31,"column":23}},"loc":{"start":{"line":31,"column":33},"end":{"line":33,"column":1}},"line":31},"5":{"name":"appendPatient","decl":{"start":{"line":35,"column":9},"end":{"line":35,"column":22}},"loc":{"start":{"line":35,"column":36},"end":{"line":41,"column":1}},"line":35}},"branchMap":{},"s":{"0":0,"1":0,"2":0,"3":0,"4":0,"5":0,"6":0,"7":0,"8":0,"9":0,"10":0,"11":0,"12":0,"13":0,"14":1},"f":{"0":0,"1":0,"2":0,"3":0,"4":0,"5":0},"b":{},"_coverageSchema":"1a1c01bbd47fc00a2c39e90264f33305004495a9","hash":"5fab5cffc77417fe91c6172d04c4c97cde2b12d3"}
}
